2025-08-07 18:21:55,019 [INFO] :rocket: Running Scrapy spider...
2025-08-07 18:21:58,565 [INFO] :white_check_mark: Scraping complete.
2025-08-07 18:21:58,565 [INFO] :inbox_tray: Appending JSON to CSV...
2025-08-07 18:21:58,640 [INFO] :white_check_mark: Append complete.
2025-08-07 18:21:58,640 [INFO] 

2025-08-08 19:44:20,892 [INFO] :rocket: Running Scrapy spider...
2025-08-08 19:44:23,046 [INFO] :white_check_mark: Scraping complete.
2025-08-08 19:44:23,046 [INFO] :inbox_tray: Appending JSON to CSV...
2025-08-08 19:44:23,074 [INFO] :white_check_mark: Append complete.
2025-08-08 19:44:23,074 [INFO] 

2025-08-09 04:03:48,560 [INFO] :rocket: Running Scrapy spider...
2025-08-09 04:03:51,804 [INFO] :white_check_mark: Scraping complete.
2025-08-09 04:03:51,804 [INFO] :inbox_tray: Appending JSON to CSV...
2025-08-09 04:03:51,832 [INFO] :white_check_mark: Append complete.
2025-08-09 04:03:51,832 [INFO] 

2025-08-10 04:26:46,882 [INFO] :rocket: Running Scrapy spider...
2025-08-10 04:26:49,421 [INFO] :white_check_mark: Scraping complete.
2025-08-10 04:26:49,421 [INFO] :inbox_tray: Appending JSON to CSV...
2025-08-10 04:26:49,449 [INFO] :white_check_mark: Append complete.
2025-08-10 04:26:49,449 [INFO] 

2025-08-11 04:29:09,988 [INFO] :rocket: Running Scrapy spider...
2025-08-11 04:29:12,291 [INFO] :white_check_mark: Scraping complete.
2025-08-11 04:29:12,291 [INFO] :inbox_tray: Appending JSON to CSV...
2025-08-11 04:29:12,320 [INFO] :white_check_mark: Append complete.
2025-08-11 04:29:12,320 [INFO] 

2025-08-12 04:02:15,465 [INFO] :rocket: Running Scrapy spider...
2025-08-12 04:02:18,312 [INFO] :white_check_mark: Scraping complete.
2025-08-12 04:02:18,312 [INFO] :inbox_tray: Appending JSON to CSV...
2025-08-12 04:02:18,340 [INFO] :white_check_mark: Append complete.
2025-08-12 04:02:18,340 [INFO] 

2025-08-12 06:10:55,754 [INFO] :rocket: Running Scrapy spider...
2025-08-12 06:10:59,298 [INFO] :white_check_mark: Scraping complete.
2025-08-12 06:10:59,298 [INFO] :inbox_tray: Appending JSON to CSV...
2025-08-12 06:10:59,327 [INFO] :white_check_mark: Append complete.
2025-08-12 06:10:59,327 [INFO] 

2025-08-13 04:04:11,083 [INFO] :rocket: Running Scrapy spider...
2025-08-13 04:04:13,872 [INFO] :white_check_mark: Scraping complete.
2025-08-13 04:04:13,873 [INFO] :inbox_tray: Appending JSON to CSV...
2025-08-13 04:04:13,901 [INFO] :white_check_mark: Append complete.
2025-08-13 04:04:13,901 [INFO] 

2025-08-13 05:49:00,510 [INFO] :rocket: Running Scrapy spider...
2025-08-13 05:49:02,739 [INFO] :white_check_mark: Scraping complete.
2025-08-13 05:49:02,739 [INFO] :inbox_tray: Appending JSON to CSV...
2025-08-13 05:49:02,767 [INFO] :white_check_mark: Append complete.
2025-08-13 05:49:02,767 [INFO] 

2025-08-14 04:05:37,437 [INFO] :rocket: Running Scrapy spider...
2025-08-14 04:05:39,673 [INFO] :white_check_mark: Scraping complete.
2025-08-14 04:05:39,673 [INFO] :inbox_tray: Appending JSON to CSV...
2025-08-14 04:05:39,702 [INFO] :white_check_mark: Append complete.
2025-08-14 04:05:39,702 [INFO] 

2025-08-15 04:05:35,622 [INFO] :rocket: Running Scrapy spider...
2025-08-15 04:05:38,067 [INFO] :white_check_mark: Scraping complete.
2025-08-15 04:05:38,067 [INFO] :inbox_tray: Appending JSON to CSV...
2025-08-15 04:05:38,096 [INFO] :white_check_mark: Append complete.
2025-08-15 04:05:38,097 [INFO] 

2025-08-16 03:58:24,909 [INFO] :rocket: Running Scrapy spider...
2025-08-16 03:58:28,816 [INFO] :white_check_mark: Scraping complete.
2025-08-16 03:58:28,816 [INFO] :inbox_tray: Appending JSON to CSV...
2025-08-16 03:58:28,845 [INFO] :white_check_mark: Append complete.
2025-08-16 03:58:28,845 [INFO] 

2025-08-17 04:08:33,707 [INFO] :rocket: Running Scrapy spider...
2025-08-17 04:08:40,383 [INFO] :white_check_mark: Scraping complete.
2025-08-17 04:08:40,383 [INFO] :inbox_tray: Appending JSON to CSV...
2025-08-17 04:08:40,412 [INFO] :white_check_mark: Append complete.
2025-08-17 04:08:40,412 [INFO] 

